2025-11-25 22:21:37.235 [main] INFO  c.linghang.we_talk.WeTalkApplication - Starting WeTalkApplication using Java 17.0.12 with PID 20424 (D:\Software\Java_Projects\we_talk\target\classes started by 39737 in D:\Software\Java_Projects\we_talk)
2025-11-25 22:21:37.237 [main] INFO  c.linghang.we_talk.WeTalkApplication - No active profile set, falling back to 1 default profile: "default"
2025-11-25 22:21:39.047 [main] INFO  c.linghang.we_talk.WeTalkApplication - Started WeTalkApplication in 2.317 seconds (process running for 3.028)
2025-11-25 22:23:24.996 [http-nio-8090-exec-4] ERROR o.a.c.c.C.[.[.[.[dispatcherServlet] - Servlet.service() for servlet [dispatcherServlet] in context with path [/AnimalSchool] threw exception [Request processing failed: org.springframework.data.redis.RedisConnectionFailureException: Unable to connect to Redis] with root cause
java.net.ConnectException: Connection refused: no further information
	at java.base/sun.nio.ch.Net.pollConnect(Native Method)
	at java.base/sun.nio.ch.Net.pollConnectNow(Net.java:672)
	at java.base/sun.nio.ch.SocketChannelImpl.finishConnect(SocketChannelImpl.java:946)
	at io.netty.channel.socket.nio.NioSocketChannel.doFinishConnect(NioSocketChannel.java:330)
	at io.netty.channel.nio.AbstractNioChannel$AbstractNioUnsafe.finishConnect(AbstractNioChannel.java:384)
	at io.netty.channel.nio.AbstractNioChannel$AbstractNioUnsafe.handle(AbstractNioChannel.java:432)
	at io.netty.channel.nio.NioIoHandler$DefaultNioRegistration.handle(NioIoHandler.java:388)
	at io.netty.channel.nio.NioIoHandler.processSelectedKey(NioIoHandler.java:596)
	at io.netty.channel.nio.NioIoHandler.processSelectedKeysOptimized(NioIoHandler.java:571)
	at io.netty.channel.nio.NioIoHandler.processSelectedKeys(NioIoHandler.java:512)
	at io.netty.channel.nio.NioIoHandler.run(NioIoHandler.java:484)
	at io.netty.channel.SingleThreadIoEventLoop.runIo(SingleThreadIoEventLoop.java:225)
	at io.netty.channel.SingleThreadIoEventLoop.run(SingleThreadIoEventLoop.java:196)
	at io.netty.util.concurrent.SingleThreadEventExecutor$5.run(SingleThreadEventExecutor.java:1193)
	at io.netty.util.internal.ThreadExecutorMap$2.run(ThreadExecutorMap.java:74)
	at io.netty.util.concurrent.FastThreadLocalRunnable.run(FastThreadLocalRunnable.java:30)
	at java.base/java.lang.Thread.run(Thread.java:842)
2025-11-25 22:37:11.630 [main] INFO  c.linghang.we_talk.WeTalkApplication - Starting WeTalkApplication using Java 17.0.12 with PID 12364 (D:\Software\Java_Projects\we_talk\target\classes started by 39737 in D:\Software\Java_Projects\we_talk)
2025-11-25 22:37:11.632 [main] INFO  c.linghang.we_talk.WeTalkApplication - No active profile set, falling back to 1 default profile: "default"
2025-11-25 22:37:13.483 [main] INFO  c.linghang.we_talk.WeTalkApplication - Started WeTalkApplication in 2.344 seconds (process running for 2.96)
2025-11-25 22:38:24.187 [main] INFO  c.linghang.we_talk.WeTalkApplication - Starting WeTalkApplication using Java 17.0.12 with PID 10508 (D:\Software\Java_Projects\we_talk\target\classes started by 39737 in D:\Software\Java_Projects\we_talk)
2025-11-25 22:38:24.189 [main] INFO  c.linghang.we_talk.WeTalkApplication - No active profile set, falling back to 1 default profile: "default"
2025-11-25 22:38:26.038 [main] INFO  c.linghang.we_talk.WeTalkApplication - Started WeTalkApplication in 2.353 seconds (process running for 2.962)
2025-11-25 22:42:35.064 [main] INFO  c.linghang.we_talk.WeTalkApplication - Starting WeTalkApplication using Java 17.0.12 with PID 21052 (D:\Software\Java_Projects\we_talk\target\classes started by 39737 in D:\Software\Java_Projects\we_talk)
2025-11-25 22:42:35.066 [main] INFO  c.linghang.we_talk.WeTalkApplication - No active profile set, falling back to 1 default profile: "default"
2025-11-25 22:42:36.950 [main] INFO  c.linghang.we_talk.WeTalkApplication - Started WeTalkApplication in 2.386 seconds (process running for 3.006)
2025-11-25 22:45:01.164 [main] INFO  c.linghang.we_talk.WeTalkApplication - Starting WeTalkApplication using Java 17.0.12 with PID 18204 (D:\Software\Java_Projects\we_talk\target\classes started by 39737 in D:\Software\Java_Projects\we_talk)
2025-11-25 22:45:01.166 [main] INFO  c.linghang.we_talk.WeTalkApplication - No active profile set, falling back to 1 default profile: "default"
2025-11-25 22:45:03.024 [main] INFO  c.linghang.we_talk.WeTalkApplication - Started WeTalkApplication in 2.368 seconds (process running for 2.981)
2025-11-25 23:08:37.608 [main] INFO  c.linghang.we_talk.WeTalkApplication - Starting WeTalkApplication using Java 17.0.12 with PID 9776 (D:\Software\Java_Projects\we_talk\target\classes started by 39737 in D:\Software\Java_Projects\we_talk)
2025-11-25 23:08:37.610 [main] INFO  c.linghang.we_talk.WeTalkApplication - No active profile set, falling back to 1 default profile: "default"
2025-11-25 23:08:39.325 [main] INFO  c.linghang.we_talk.WeTalkApplication - Started WeTalkApplication in 2.219 seconds (process running for 2.782)
